<?xml version="1.0" encoding="UTF-8"?>
<!-- Generated by org.testng.reporters.JUnitReportReporter -->
<testsuite hostname="ip-172-31-46-167" failures="0" tests="1" name="testCases.Verifying_User_Sign_On" time="20.794" errors="0" timestamp="2022-12-23T12:04:39 IST" skipped="0">
  <testcase classname="testCases.Verifying_User_Sign_On" name="enter_Details" time="20.794"/>
  <system-out>
    <![CDATA[Browser Opened
Mercury Tours site is Launched
Verified user sign on]]>
  </system-out>
</testsuite> <!-- testCases.Verifying_User_Sign_On -->
