<?xml version="1.0" encoding="UTF-8"?>
<!-- Generated by org.testng.reporters.JUnitReportReporter -->
<testsuite hostname="ip-172-31-46-167" failures="0" tests="1" name="testCases.Verifying_Landing_Page" time="7.712" errors="0" timestamp="2022-12-23T11:17:55 IST" skipped="0">
  <testcase classname="testCases.Verifying_Landing_Page" name="verifying_Landing_Page" time="7.712"/>
  <system-out>
    <![CDATA[Browser Opened
Mercury Tours site is Launched
Verified Landing page
Driver closed]]>
  </system-out>
</testsuite> <!-- testCases.Verifying_Landing_Page -->
