<?xml version="1.0" encoding="UTF-8"?>
<!-- Generated by org.testng.reporters.JUnitReportReporter -->
<testsuite hostname="ip-172-31-46-167" failures="0" tests="1" name="testCases.Verifying_FlightsBooking_Page" time="13.232" errors="0" timestamp="2022-12-23T09:01:46 IST" skipped="0">
  <testcase classname="testCases.Verifying_FlightsBooking_Page" name="book_Flight" time="13.232"/>
  <system-out>
    <![CDATA[Browser Opened
Mercury Tours site is Launched
Verified flight booking functionality
Driver closed]]>
  </system-out>
</testsuite> <!-- testCases.Verifying_FlightsBooking_Page -->
