<?xml version="1.0" encoding="UTF-8"?>
<!-- Generated by org.testng.reporters.JUnitReportReporter -->
<testsuite hostname="ip-172-31-46-167" failures="0" tests="4" name="testCases.UserNavigations" time="32.266" errors="0" timestamp="2022-12-23T08:58:00 IST" skipped="0">
  <testcase classname="testCases.UserNavigations" name="test_FlightBooking" time="5.999"/>
  <system-out/>
  <testcase classname="testCases.UserNavigations" name="test_Registration" time="8.225"/>
  <system-out/>
  <testcase classname="testCases.UserNavigations" name="test_SignOn" time="11.898"/>
  <system-out/>
  <testcase classname="testCases.UserNavigations" name="test_Landing" time="6.144"/>
  <system-out/>
</testsuite> <!-- testCases.UserNavigations -->
