<?xml version="1.0" encoding="UTF-8"?>
<!-- Generated by org.testng.reporters.JUnitReportReporter -->
<testsuite hostname="ip-172-31-46-167" failures="0" tests="1" name="testCases.Verifying_User_Registration" time="26.914" errors="0" timestamp="2022-12-23T11:19:45 IST" skipped="0">
  <testcase classname="testCases.Verifying_User_Registration" name="verifying_Registration" time="26.914"/>
  <system-out>
    <![CDATA[Browser Opened
Mercury Tours site is Launched
Verified Registration Functionality
Driver closed]]>
  </system-out>
</testsuite> <!-- testCases.Verifying_User_Registration -->
